--------------------------------------------------------------------------------
Release 14.7 Trace  (lin64)
Copyright (c) 1995-2013 Xilinx, Inc.  All rights reserved.

/opt/Xilinx/14.7/ISE_DS/ISE/bin/lin64/unwrapped/trce -v 25 project_r.ncd
project.pcf

Design file:              project_r.ncd
Physical constraint file: project.pcf
Device,package,speed:     xc6slx4,tqg144,C,-2 (PRODUCTION 1.23 2013-10-13)
Report level:             verbose report, limited to 25 items per constraint

Environment Variable      Effect 
--------------------      ------ 
NONE                      No environment variables were set
--------------------------------------------------------------------------------

INFO:Timing:2698 - No timing constraints found, doing default enumeration.
INFO:Timing:3412 - To improve timing, see the Timing Closure User Guide (UG612).
INFO:Timing:2752 - To get complete path coverage, use the unconstrained paths 
   option. All paths that are not constrained will be reported in the 
   unconstrained paths section(s) of the report.
INFO:Timing:3339 - The clock-to-out numbers in this timing report are based on 
   a 50 Ohm transmission line loading model.  For the details of this model, 
   and for more information on accounting for different loading conditions, 
   please see the device datasheet.



Data Sheet report:
-----------------
All values displayed in nanoseconds (ns)

Setup/Hold to clock sys_clk_i
------------+------------+------------+------------+------------+--------------------+--------+
            |Max Setup to|  Process   |Max Hold to |  Process   |                    | Clock  |
Source      | clk (edge) |   Corner   | clk (edge) |   Corner   |Internal Clock(s)   | Phase  |
------------+------------+------------+------------+------------+--------------------+--------+
sys_rst_i   |   10.258(R)|      SLOW  |    0.211(R)|      SLOW  |sys_clk_i_IBUFG_BUFG|   0.000|
            |    6.724(F)|      SLOW  |   -0.232(F)|      SLOW  |sys_clk_i_IBUFG_BUFG|   0.000|
uart_rx     |   -0.005(R)|      FAST  |    1.725(R)|      SLOW  |sys_clk_i_IBUFG_BUFG|   0.000|
------------+------------+------------+------------+------------+--------------------+--------+

Clock sys_clk_i to Pad
------------+-----------------+------------+-----------------+------------+-------------------------------------+--------+
            |Max (slowest) clk|  Process   |Min (fastest) clk|  Process   |                                     | Clock  |
Destination |  (edge) to PAD  |   Corner   |  (edge) to PAD  |   Corner   |Internal Clock(s)                    | Phase  |
------------+-----------------+------------+-----------------+------------+-------------------------------------+--------+
channel1_n  |         6.254(R)|      SLOW  |         2.121(R)|      FAST  |per_l/LVDS/videoencoder/clk35_BUFG   |   0.000|
            |         6.192(R)|      SLOW  |         2.055(R)|      FAST  |per_l/LVDS/videoencoder/notclk35_BUFG|   0.000|
channel1_p  |         6.254(R)|      SLOW  |         2.121(R)|      FAST  |per_l/LVDS/videoencoder/clk35_BUFG   |   0.000|
            |         6.192(R)|      SLOW  |         2.055(R)|      FAST  |per_l/LVDS/videoencoder/notclk35_BUFG|   0.000|
channel2_n  |         6.247(R)|      SLOW  |         2.114(R)|      FAST  |per_l/LVDS/videoencoder/clk35_BUFG   |   0.000|
            |         6.185(R)|      SLOW  |         2.048(R)|      FAST  |per_l/LVDS/videoencoder/notclk35_BUFG|   0.000|
channel2_p  |         6.247(R)|      SLOW  |         2.114(R)|      FAST  |per_l/LVDS/videoencoder/clk35_BUFG   |   0.000|
            |         6.185(R)|      SLOW  |         2.048(R)|      FAST  |per_l/LVDS/videoencoder/notclk35_BUFG|   0.000|
channel3_n  |         6.251(R)|      SLOW  |         2.118(R)|      FAST  |per_l/LVDS/videoencoder/clk35_BUFG   |   0.000|
            |         6.189(R)|      SLOW  |         2.052(R)|      FAST  |per_l/LVDS/videoencoder/notclk35_BUFG|   0.000|
channel3_p  |         6.251(R)|      SLOW  |         2.118(R)|      FAST  |per_l/LVDS/videoencoder/clk35_BUFG   |   0.000|
            |         6.189(R)|      SLOW  |         2.052(R)|      FAST  |per_l/LVDS/videoencoder/notclk35_BUFG|   0.000|
clock_n     |         6.255(R)|      SLOW  |         2.122(R)|      FAST  |per_l/LVDS/videoencoder/clk35_BUFG   |   0.000|
            |         6.194(R)|      SLOW  |         2.057(R)|      FAST  |per_l/LVDS/videoencoder/notclk35_BUFG|   0.000|
clock_p     |         6.255(R)|      SLOW  |         2.122(R)|      FAST  |per_l/LVDS/videoencoder/clk35_BUFG   |   0.000|
            |         6.194(R)|      SLOW  |         2.057(R)|      FAST  |per_l/LVDS/videoencoder/notclk35_BUFG|   0.000|
uart_tx     |         8.853(R)|      SLOW  |         3.799(R)|      FAST  |sys_clk_i_IBUFG_BUFG                 |   0.000|
------------+-----------------+------------+-----------------+------------+-------------------------------------+--------+

Clock to Setup on destination clock sys_clk_i
---------------+---------+---------+---------+---------+
               | Src:Rise| Src:Fall| Src:Rise| Src:Fall|
Source Clock   |Dest:Rise|Dest:Rise|Dest:Fall|Dest:Fall|
---------------+---------+---------+---------+---------+
sys_clk_i      |   15.964|   10.206|    6.436|    3.855|
---------------+---------+---------+---------+---------+


Analysis completed Wed Jun  7 12:36:05 2017 
--------------------------------------------------------------------------------

Trace Settings:
-------------------------
Trace Settings 

Peak Memory Usage: 408 MB



